<?xml version="1.0" encoding="UTF-8"?>
<!-- Generated by org.testng.reporters.JUnitReportReporter -->
<testsuite hostname="DESKTOP-B8JJQ9J" failures="0" tests="3" name="com.crm.qa.testcases.HomePageTest" time="18.781" errors="0" timestamp="2021-02-01T21:42:13 CST" skipped="0">
  <testcase classname="com.crm.qa.testcases.HomePageTest" name="verifyHomePageTitleTest" time="6.013"/>
  <system-out/>
  <testcase classname="com.crm.qa.testcases.HomePageTest" name="verifyUserNameTest" time="6.121"/>
  <system-out/>
  <testcase classname="com.crm.qa.testcases.HomePageTest" name="verifyContactsLinkTest" time="6.647"/>
  <system-out/>
</testsuite> <!-- com.crm.qa.testcases.HomePageTest -->
