<?xml version="1.0" encoding="UTF-8"?>
<!-- Generated by org.testng.reporters.JUnitReportReporter -->
<testsuite hostname="DESKTOP-B8JJQ9J" failures="0" tests="3" name="com.crm.qa.testcases.LoginPageTest" time="13.527" errors="0" timestamp="2021-02-01T21:42:13 CST" skipped="0">
  <testcase classname="com.crm.qa.testcases.LoginPageTest" name="loginPageTitleTest" time="3.590"/>
  <system-out/>
  <testcase classname="com.crm.qa.testcases.LoginPageTest" name="crmLogoImageTest" time="3.951"/>
  <system-out/>
  <testcase classname="com.crm.qa.testcases.LoginPageTest" name="loginTest" time="5.986"/>
  <system-out/>
</testsuite> <!-- com.crm.qa.testcases.LoginPageTest -->
