<?xml version="1.0" encoding="UTF-8"?>
<!-- Generated by org.testng.reporters.JUnitReportReporter -->
<testsuite hostname="DESKTOP-B8JJQ9J" failures="0" tests="1" name="com.crm.qa.testcases.LoginPageTest" time="4.389" errors="0" timestamp="2021-02-09T05:48:47 CST" skipped="0">
  <testcase classname="com.crm.qa.testcases.LoginPageTest" name="loginPageTitleTest" time="4.389"/>
  <system-out/>
</testsuite> <!-- com.crm.qa.testcases.LoginPageTest -->
